e:\c c++项目\huffman压缩\huffman压缩\debug\vc120.pdb
e:\c c++项目\huffman压缩\huffman压缩\debug\vc120.idb
e:\c c++项目\huffman压缩\huffman压缩\debug\filecompresshuffman.obj
e:\c c++项目\huffman压缩\huffman压缩\debug\filecompresstest.obj
e:\c c++项目\huffman压缩\debug\huffman压缩.ilk
e:\c c++项目\huffman压缩\debug\huffman压缩.exe
e:\c c++项目\huffman压缩\debug\huffman压缩.pdb
c:\users\18209\desktop\gzip-filecomress\huffman压缩\huffman压缩\debug\filecompresshuffman.obj
c:\users\18209\desktop\gzip-filecomress\huffman压缩\huffman压缩\debug\filecompresstest.obj
c:\users\18209\desktop\gzip-filecomress\huffman压缩\huffman压缩\debug\vc120.idb
c:\users\18209\desktop\gzip-filecomress\huffman压缩\huffman压缩\debug\vc120.pdb
c:\users\18209\desktop\gzip-filecomress\huffman压缩\debug\huffman压缩.pdb
c:\users\18209\desktop\gzip-filecomress\huffman压缩\debug\huffman压缩.exe
c:\users\18209\desktop\gzip-filecomress\huffman压缩\debug\huffman压缩.ilk
c:\users\18209\desktop\gzip-filecomress\huffman压缩\huffman压缩\debug\huffman压缩.tlog\cl.command.1.tlog
c:\users\18209\desktop\gzip-filecomress\huffman压缩\huffman压缩\debug\huffman压缩.tlog\cl.read.1.tlog
c:\users\18209\desktop\gzip-filecomress\huffman压缩\huffman压缩\debug\huffman压缩.tlog\cl.write.1.tlog
c:\users\18209\desktop\gzip-filecomress\huffman压缩\huffman压缩\debug\huffman压缩.tlog\link.command.1.tlog
c:\users\18209\desktop\gzip-filecomress\huffman压缩\huffman压缩\debug\huffman压缩.tlog\link.read.1.tlog
c:\users\18209\desktop\gzip-filecomress\huffman压缩\huffman压缩\debug\huffman压缩.tlog\link.write.1.tlog
